Questionable use of curly braces in "(libsource (lib "midi2cv-eagle-import") (part "r-us_0207{slash}10") (description ""))"
    Error: undefined symbol in: "[slash]"
Questionable use of curly braces in "(libsource (lib "midi2cv-eagle-import") (part "r-us_0207{slash}10") (description ""))"
    Error: undefined symbol in: "[slash]"
Questionable use of curly braces in "(libsource (lib "midi2cv-eagle-import") (part "r-us_0207{slash}10") (description ""))"
    Error: undefined symbol in: "[slash]"
Questionable use of curly braces in "(libsource (lib "midi2cv-eagle-import") (part "r-us_0207{slash}10") (description ""))"
    Error: undefined symbol in: "[slash]"
Questionable use of curly braces in "(libsource (lib "midi2cv-eagle-import") (part "r-us_0207{slash}10") (description ""))"
    Error: undefined symbol in: "[slash]"
Questionable use of curly braces in "(libsource (lib "midi2cv-eagle-import") (part "r-us_0207{slash}10") (description ""))"
    Error: undefined symbol in: "[slash]"
Questionable use of curly braces in "(libsource (lib "midi2cv-eagle-import") (part "r-us_0207{slash}10") (description ""))"
    Error: undefined symbol in: "[slash]"
Questionable use of curly braces in "(libsource (lib "midi2cv-eagle-import") (part "r-us_0207{slash}10") (description ""))"
    Error: undefined symbol in: "[slash]"
Questionable use of curly braces in "(pin (num "2") (name "~{cs}") (type "input"))"
    Error: undefined symbol in: "[cs]"
Questionable use of curly braces in "(pin (num "5") (name "~{ldac}") (type "input"))"
    Error: undefined symbol in: "[ldac]"
Questionable use of curly braces in "(pin (num "3") (name "~{reset}") (type "input"))"
    Error: undefined symbol in: "[reset]"
Questionable use of curly braces in "(pin (num "28") (name "~{reset}") (type "input"))"
    Error: undefined symbol in: "[reset]"
Questionable use of curly braces in "(libpart (lib "midi2cv-eagle-import") (part "r-us_0207{slash}10")"
    Error: undefined symbol in: "[slash]"
Questionable use of curly braces in "(field (name "value") "r-us_0207{slash}10")"
    Error: undefined symbol in: "[slash]"
Questionable use of curly braces in "(node (ref "u2") (pin "2") (pinfunction "~{cs}") (pintype "input")))"
    Error: undefined symbol in: "[cs]"
Questionable use of curly braces in "(node (ref "u1") (pin "2") (pinfunction "~{cs}") (pintype "input")))"
    Error: undefined symbol in: "[cs]"
Questionable use of curly braces in "(node (ref "u1") (pin "5") (pinfunction "~{ldac}") (pintype "input"))"
    Error: undefined symbol in: "[ldac]"
Questionable use of curly braces in "(node (ref "u2") (pin "5") (pinfunction "~{ldac}") (pintype "input"))"
    Error: undefined symbol in: "[ldac]"
Questionable use of curly braces in "(node (ref "a1") (pin "3") (pinfunction "~{reset}") (pintype "input+no_connect")))"
    Error: undefined symbol in: "[reset]"
Questionable use of curly braces in "(node (ref "a1") (pin "28") (pinfunction "~{reset}") (pintype "input+no_connect")))"
    Error: undefined symbol in: "[reset]"
Circuit: (export (version "E")

Fatal Error: Unknown SPICE device type "(" in "(design"
